Log Entry : 
0:04:29

01.09.2010 - Operation starts: New session

-------------------------------
Exceptions:

-------------------------------
01.09.2010 - Operation complete: New session

-------------------------------
01.09.2010 - Operation starts: Close session

-------------------------------
Exceptions:

-------------------------------
01.09.2010 - Operation complete: Close session Default

-------------------------------
01.09.2010 - Operation starts: QuickRedactorMod_Click

-------------------------------
Exceptions:

-------------------------------
01.09.2010 - Operation complete: QuickRedactorMod_Click

-------------------------------
01.09.2010 - Operation starts: Add element

-------------------------------
Exceptions:

-------------------------------
01.09.2010 - Operation complete: Add element

-------------------------------


Log Entry : 
0:04:52



Log Entry : 
0:09:59

01.09.2010 - Operation starts: New session

-------------------------------
Exceptions:

-------------------------------
01.09.2010 - Operation complete: New session

-------------------------------
01.09.2010 - Operation starts: Add element

-------------------------------
Exceptions:

-------------------------------
01.09.2010 - Operation complete: Add element

-------------------------------


Log Entry : 
0:14:50

01.09.2010 - Operation starts: New session

-------------------------------
Exceptions:

-------------------------------
01.09.2010 - Operation complete: New session

-------------------------------
01.09.2010 - Operation starts: Add element

-------------------------------
Exceptions:

-------------------------------
01.09.2010 - Operation complete: Add element

-------------------------------


Log Entry : 
0:30:10

01.09.2010 - Operation starts: New session

-------------------------------
Exceptions:

-------------------------------
01.09.2010 - Operation complete: New session

-------------------------------
01.09.2010 - Operation starts: Add element

-------------------------------
Exceptions:

-------------------------------
01.09.2010 - Operation complete: Add element

-------------------------------


Log Entry : 
0:32:46

01.09.2010 - Operation starts: New session

-------------------------------
Exceptions:

-------------------------------
01.09.2010 - Operation complete: New session

-------------------------------
01.09.2010 - Operation starts: Add element

-------------------------------
Exceptions:

-------------------------------
01.09.2010 - Operation complete: Add element

-------------------------------


Log Entry : 
0:38:13

01.09.2010 - Operation starts: New session

-------------------------------
Exceptions:

-------------------------------
01.09.2010 - Operation complete: New session

-------------------------------
01.09.2010 - Operation starts: Add element

-------------------------------
Exceptions:

-------------------------------
01.09.2010 - Operation complete: Add element

-------------------------------


Log Entry : 
0:45:36

01.09.2010 - Operation starts: New session

-------------------------------
Exceptions:

-------------------------------
01.09.2010 - Operation complete: New session

-------------------------------
01.09.2010 - Operation starts: Add element

-------------------------------
Exceptions:

-------------------------------
01.09.2010 - Operation complete: Add element

-------------------------------


Log Entry : 
0:52:21

01.09.2010 - Operation starts: New session

-------------------------------
Exceptions:

-------------------------------
01.09.2010 - Operation complete: New session

-------------------------------
01.09.2010 - Operation starts: Add element

-------------------------------
Exceptions:

-------------------------------
01.09.2010 - Operation complete: Add element

-------------------------------
01.09.2010 - Operation starts: QuickRedactorMod_Click

-------------------------------
Exceptions:

-------------------------------
01.09.2010 - Operation complete: QuickRedactorMod_Click

-------------------------------
01.09.2010 - Operation starts: LoadData(string fileName):string

-------------------------------
Exceptions:

-------------------------------
01.09.2010 - Operation complete: LoadData(string fileName):string

-------------------------------
01.09.2010 - Operation starts: LoadData(string fileName):string

-------------------------------
Exceptions:

-------------------------------
01.09.2010 - Operation complete: LoadData(string fileName):string

-------------------------------
01.09.2010 - Operation starts: LoadData(string fileName):string

-------------------------------
Exceptions:

-------------------------------
01.09.2010 - Operation complete: LoadData(string fileName):string

-------------------------------
01.09.2010 - Operation starts: LoadData(string fileName):string

-------------------------------
Exceptions:

-------------------------------
01.09.2010 - Operation complete: LoadData(string fileName):string

-------------------------------


Log Entry : 
1:21:43

01.09.2010 - Operation starts: New session

-------------------------------
Exceptions:

-------------------------------
01.09.2010 - Operation complete: New session

-------------------------------
01.09.2010 - Operation starts: QuickRedactorMod_Click

-------------------------------
Exceptions:

-------------------------------
01.09.2010 - Operation complete: QuickRedactorMod_Click

-------------------------------
01.09.2010 - Operation starts: Browse Click

-------------------------------
01.09.2010 - Operation starts: LoadData(string fileName):string

-------------------------------
Exceptions:

1. System.Runtime.Serialization.SerializationException: Не удалось загрузить данные. Причина:  ---> System.IO.IOException: Файл не существует.
       в Protsenko.TheoryEditor.Core.SaveLoad.LoadData(String fileName) в D:\C# Projects\TheoryEditor\TheoryEditor\Core\SaveLoad.cs:строка 234
       --- Конец трассировки внутреннего стека исключений ---
       в Protsenko.TheoryEditor.Core.SaveLoad.LoadData(String fileName) в D:\C# Projects\TheoryEditor\TheoryEditor\Core\SaveLoad.cs:строка 243
       в Protsenko.TheoryEditor.VisualElements.TheoryImporterPanel.Browse_Click(Object sender, RoutedEventArgs e) в D:\C# Projects\TheoryEditor\TheoryEditor\VisualElements\TheoryImporterPanel.xaml.cs:строка 78

-------------------------------
01.09.2010 - Operation complete: Browse Click

-------------------------------
Something went wrong. Operation: LoadData(string fileName):string was not complete or was not registered.

-------------------------------


Log Entry : 
1:35:25

01.09.2010 - Operation starts: New session

-------------------------------
Exceptions:

-------------------------------
01.09.2010 - Operation complete: New session

-------------------------------
01.09.2010 - Operation starts: Close session

-------------------------------
Exceptions:

-------------------------------
01.09.2010 - Operation complete: Close session Default

-------------------------------
01.09.2010 - Operation starts: New session

-------------------------------
Exceptions:

-------------------------------
01.09.2010 - Operation complete: New session

-------------------------------
01.09.2010 - Operation starts: Close session

-------------------------------
Exceptions:

-------------------------------
01.09.2010 - Operation complete: Close session Default

-------------------------------


Log Entry : 
23:47:12

01.09.2010 - Operation starts: New session

-------------------------------
Exceptions:

-------------------------------
01.09.2010 - Operation complete: New session

-------------------------------
01.09.2010 - Operation starts: Add element

-------------------------------
Exceptions:

-------------------------------
01.09.2010 - Operation complete: Add element

-------------------------------
01.09.2010 - Operation starts: Add element

-------------------------------
Exceptions:

-------------------------------
01.09.2010 - Operation complete: Add element

-------------------------------
01.09.2010 - Operation starts: QuickRedactorMod_Click

-------------------------------
Exceptions:

-------------------------------
01.09.2010 - Operation complete: QuickRedactorMod_Click

-------------------------------
01.09.2010 - Operation starts: Add element

-------------------------------
Exceptions:

-------------------------------
01.09.2010 - Operation complete: Add element

-------------------------------
01.09.2010 - Operation starts: Save session

-------------------------------
01.09.2010 - Operation starts: SaveData(string FILE_NAME, object gathereddata):bool

-------------------------------
Exceptions:

-------------------------------
01.09.2010 - Operation complete: SaveData(string FILE_NAME, object gathereddata):bool

-------------------------------
Exceptions:

-------------------------------
01.09.2010 - Operation complete: Save session

-------------------------------


Log Entry : 
23:48:37

01.09.2010 - Operation starts: Load session

-------------------------------
01.09.2010 - Operation starts: LoadData(string fileName, out object ob):bool

-------------------------------
Exceptions:

-------------------------------
01.09.2010 - Operation complete: LoadData(string fileName, out object ob):bool

-------------------------------
Exceptions:

-------------------------------
01.09.2010 - Operation complete: Load session

-------------------------------


Log Entry : 
23:56:34



Log Entry : 
23:58:07

01.09.2010 - Operation starts: Switch Language

-------------------------------
Exceptions:

-------------------------------
01.09.2010 - Operation complete: Switch Language

-------------------------------
01.09.2010 - Operation starts: Switch Language

-------------------------------
Exceptions:

-------------------------------
01.09.2010 - Operation complete: Switch Language

-------------------------------
01.09.2010 - Operation starts: Switch Language

-------------------------------
Exceptions:

-------------------------------
01.09.2010 - Operation complete: Switch Language

-------------------------------
01.09.2010 - Operation starts: Switch Language

-------------------------------
Exceptions:

-------------------------------
01.09.2010 - Operation complete: Switch Language

-------------------------------
01.09.2010 - Operation starts: Load session

-------------------------------
01.09.2010 - Operation starts: LoadData(string fileName, out object ob):bool

-------------------------------
Exceptions:

-------------------------------
01.09.2010 - Operation complete: LoadData(string fileName, out object ob):bool

-------------------------------
Exceptions:

-------------------------------
01.09.2010 - Operation complete: Load session

-------------------------------
01.09.2010 - Operation starts: Switch Language

-------------------------------
Exceptions:

-------------------------------
01.09.2010 - Operation complete: Switch Language

-------------------------------
01.09.2010 - Operation starts: Switch Language

-------------------------------
Exceptions:

-------------------------------
01.09.2010 - Operation complete: Switch Language

-------------------------------
01.09.2010 - Operation starts: Switch Language

-------------------------------
Exceptions:

-------------------------------
01.09.2010 - Operation complete: Switch Language

-------------------------------
01.09.2010 - Operation starts: Switch Language

-------------------------------
Exceptions:

-------------------------------
01.09.2010 - Operation complete: Switch Language

-------------------------------


